d:\workspace\mynote\qtstudy\mouseevent鼠标事件\mouseevent鼠标事件\x64\debug\vc142.pdb
d:\workspace\mynote\qtstudy\mouseevent鼠标事件\mouseevent鼠标事件\x64\debug\qrc_mouseevent.obj
d:\workspace\mynote\qtstudy\mouseevent鼠标事件\mouseevent鼠标事件\x64\debug\mylabel.obj
d:\workspace\mynote\qtstudy\mouseevent鼠标事件\mouseevent鼠标事件\x64\debug\main.obj
d:\workspace\mynote\qtstudy\mouseevent鼠标事件\mouseevent鼠标事件\x64\debug\mouseevent.obj
d:\workspace\mynote\qtstudy\mouseevent鼠标事件\mouseevent鼠标事件\x64\debug\moc_mouseevent.obj
d:\workspace\mynote\qtstudy\mouseevent鼠标事件\mouseevent鼠标事件\x64\debug\moc_mylabel.obj
d:\workspace\mynote\qtstudy\mouseevent鼠标事件\x64\debug\mouseevent鼠标事件.ilk
d:\workspace\mynote\qtstudy\mouseevent鼠标事件\x64\debug\mouseevent鼠标事件.exe
d:\workspace\mynote\qtstudy\mouseevent鼠标事件\x64\debug\mouseevent鼠标事件.pdb
d:\workspace\mynote\qtstudy\mouseevent鼠标事件\mouseevent鼠标事件\x64\debug\moc\moc_mouseevent.cpp
d:\workspace\mynote\qtstudy\mouseevent鼠标事件\mouseevent鼠标事件\x64\debug\moc\moc_mylabel.cpp
d:\workspace\mynote\qtstudy\mouseevent鼠标事件\mouseevent鼠标事件\x64\debug\uic\ui_mouseevent.h
d:\workspace\mynote\qtstudy\mouseevent鼠标事件\mouseevent鼠标事件\x64\debug\rcc\qrc_mouseevent.cpp
d:\workspace\mynote\qtstudy\mouseevent鼠标事件\mouseevent鼠标事件\x64\debug\mouseevent鼠标事件.tlog\cl.command.1.tlog
d:\workspace\mynote\qtstudy\mouseevent鼠标事件\mouseevent鼠标事件\x64\debug\mouseevent鼠标事件.tlog\cl.read.1.tlog
d:\workspace\mynote\qtstudy\mouseevent鼠标事件\mouseevent鼠标事件\x64\debug\mouseevent鼠标事件.tlog\cl.write.1.tlog
d:\workspace\mynote\qtstudy\mouseevent鼠标事件\mouseevent鼠标事件\x64\debug\mouseevent鼠标事件.tlog\link.command.1.tlog
d:\workspace\mynote\qtstudy\mouseevent鼠标事件\mouseevent鼠标事件\x64\debug\mouseevent鼠标事件.tlog\link.read.1.tlog
d:\workspace\mynote\qtstudy\mouseevent鼠标事件\mouseevent鼠标事件\x64\debug\mouseevent鼠标事件.tlog\link.write.1.tlog
d:\workspace\mynote\qtstudy\mouseevent鼠标事件\mouseevent鼠标事件\x64\debug\mouseevent鼠标事件.tlog\moc.read.1u.tlog
d:\workspace\mynote\qtstudy\mouseevent鼠标事件\mouseevent鼠标事件\x64\debug\mouseevent鼠标事件.tlog\moc.write.1u.tlog
d:\workspace\mynote\qtstudy\mouseevent鼠标事件\mouseevent鼠标事件\x64\debug\mouseevent鼠标事件.tlog\mouseevent鼠标事件.write.1u.tlog
d:\workspace\mynote\qtstudy\mouseevent鼠标事件\mouseevent鼠标事件\x64\debug\mouseevent鼠标事件.tlog\rcc.read.1u.tlog
d:\workspace\mynote\qtstudy\mouseevent鼠标事件\mouseevent鼠标事件\x64\debug\mouseevent鼠标事件.tlog\rcc.write.1u.tlog
d:\workspace\mynote\qtstudy\mouseevent鼠标事件\mouseevent鼠标事件\x64\debug\mouseevent鼠标事件.tlog\uic.read.1u.tlog
d:\workspace\mynote\qtstudy\mouseevent鼠标事件\mouseevent鼠标事件\x64\debug\mouseevent鼠标事件.tlog\uic.write.1u.tlog
