d:\workspace\mynote\qtstudy\smallwidget\smallwidget\x64\debug\vc142.pdb
d:\workspace\mynote\qtstudy\smallwidget\smallwidget\x64\debug\qrc_smallwidget.obj
d:\workspace\mynote\qtstudy\smallwidget\smallwidget\x64\debug\mywidget.obj
d:\workspace\mynote\qtstudy\smallwidget\smallwidget\x64\debug\moc_mywidget.obj
d:\workspace\mynote\qtstudy\smallwidget\smallwidget\x64\debug\moc_smallwidget.obj
d:\workspace\mynote\qtstudy\smallwidget\smallwidget\x64\debug\main.obj
d:\workspace\mynote\qtstudy\smallwidget\smallwidget\x64\debug\smallwidget.obj
d:\workspace\mynote\qtstudy\smallwidget\x64\debug\smallwidget.exe
d:\workspace\mynote\qtstudy\smallwidget\x64\debug\smallwidget.ilk
d:\workspace\mynote\qtstudy\smallwidget\x64\debug\smallwidget.pdb
d:\workspace\mynote\qtstudy\smallwidget\smallwidget\x64\debug\moc\moc_smallwidget.cpp
d:\workspace\mynote\qtstudy\smallwidget\smallwidget\x64\debug\moc\moc_mywidget.cpp
d:\workspace\mynote\qtstudy\smallwidget\smallwidget\x64\debug\rcc\qrc_smallwidget.cpp
d:\workspace\mynote\qtstudy\smallwidget\smallwidget\x64\debug\uic\ui_mywidget.h
d:\workspace\mynote\qtstudy\smallwidget\smallwidget\x64\debug\uic\ui_smallwidget.h
d:\workspace\mynote\qtstudy\smallwidget\smallwidget\x64\debug\smallwidget.tlog\cl.command.1.tlog
d:\workspace\mynote\qtstudy\smallwidget\smallwidget\x64\debug\smallwidget.tlog\cl.read.1.tlog
d:\workspace\mynote\qtstudy\smallwidget\smallwidget\x64\debug\smallwidget.tlog\cl.write.1.tlog
d:\workspace\mynote\qtstudy\smallwidget\smallwidget\x64\debug\smallwidget.tlog\link.command.1.tlog
d:\workspace\mynote\qtstudy\smallwidget\smallwidget\x64\debug\smallwidget.tlog\link.read.1.tlog
d:\workspace\mynote\qtstudy\smallwidget\smallwidget\x64\debug\smallwidget.tlog\link.write.1.tlog
d:\workspace\mynote\qtstudy\smallwidget\smallwidget\x64\debug\smallwidget.tlog\moc.read.1u.tlog
d:\workspace\mynote\qtstudy\smallwidget\smallwidget\x64\debug\smallwidget.tlog\moc.write.1u.tlog
d:\workspace\mynote\qtstudy\smallwidget\smallwidget\x64\debug\smallwidget.tlog\rcc.read.1u.tlog
d:\workspace\mynote\qtstudy\smallwidget\smallwidget\x64\debug\smallwidget.tlog\rcc.write.1u.tlog
d:\workspace\mynote\qtstudy\smallwidget\smallwidget\x64\debug\smallwidget.tlog\smallwidget.write.1u.tlog
d:\workspace\mynote\qtstudy\smallwidget\smallwidget\x64\debug\smallwidget.tlog\uic.read.1u.tlog
d:\workspace\mynote\qtstudy\smallwidget\smallwidget\x64\debug\smallwidget.tlog\uic.write.1u.tlog
