d:\workspace\qtstudy\qtproject2\qtproject2\x64\debug\vc142.pdb
d:\workspace\qtstudy\qtproject2\qtproject2\x64\debug\qrc_qtproject2.obj
d:\workspace\qtstudy\qtproject2\qtproject2\x64\debug\main.obj
d:\workspace\qtstudy\qtproject2\qtproject2\x64\debug\qtproject2.obj
d:\workspace\qtstudy\qtproject2\qtproject2\x64\debug\moc_qtproject2.obj
d:\workspace\qtstudy\qtproject2\x64\debug\qtproject2.exe
d:\workspace\qtstudy\qtproject2\x64\debug\qtproject2.ilk
d:\workspace\qtstudy\qtproject2\x64\debug\qtproject2.pdb
d:\workspace\qtstudy\qtproject2\qtproject2\x64\debug\moc\moc_qtproject2.cpp
d:\workspace\qtstudy\qtproject2\qtproject2\x64\debug\uic\ui_qtproject2.h
d:\workspace\qtstudy\qtproject2\qtproject2\x64\debug\rcc\qrc_qtproject2.cpp
d:\workspace\qtstudy\qtproject2\qtproject2\x64\debug\qtproject2.res
d:\workspace\mynote\qtstudy\qtproject2\qtproject2\x64\debug\main.obj
d:\workspace\mynote\qtstudy\qtproject2\qtproject2\x64\debug\moc_qtproject2.obj
d:\workspace\mynote\qtstudy\qtproject2\qtproject2\x64\debug\qrc_qtproject2.obj
d:\workspace\mynote\qtstudy\qtproject2\qtproject2\x64\debug\qtproject2.obj
d:\workspace\mynote\qtstudy\qtproject2\qtproject2\x64\debug\qtproject2.res
d:\workspace\mynote\qtstudy\qtproject2\qtproject2\x64\debug\vc142.pdb
d:\workspace\mynote\qtstudy\qtproject2\qtproject2\x64\debug\qtproject2.tlog\cl.command.1.tlog
d:\workspace\mynote\qtstudy\qtproject2\qtproject2\x64\debug\qtproject2.tlog\cl.read.1.tlog
d:\workspace\mynote\qtstudy\qtproject2\qtproject2\x64\debug\qtproject2.tlog\cl.write.1.tlog
d:\workspace\mynote\qtstudy\qtproject2\qtproject2\x64\debug\qtproject2.tlog\link.11260.delete.1.tlog
d:\workspace\mynote\qtstudy\qtproject2\qtproject2\x64\debug\qtproject2.tlog\link.command.1.tlog
d:\workspace\mynote\qtstudy\qtproject2\qtproject2\x64\debug\qtproject2.tlog\link.read.1.tlog
d:\workspace\mynote\qtstudy\qtproject2\qtproject2\x64\debug\qtproject2.tlog\link.write.1.tlog
d:\workspace\mynote\qtstudy\qtproject2\qtproject2\x64\debug\qtproject2.tlog\moc.read.1u.tlog
d:\workspace\mynote\qtstudy\qtproject2\qtproject2\x64\debug\qtproject2.tlog\moc.write.1u.tlog
d:\workspace\mynote\qtstudy\qtproject2\qtproject2\x64\debug\qtproject2.tlog\qtproject2.write.1u.tlog
d:\workspace\mynote\qtstudy\qtproject2\qtproject2\x64\debug\qtproject2.tlog\rc.command.1.tlog
d:\workspace\mynote\qtstudy\qtproject2\qtproject2\x64\debug\qtproject2.tlog\rc.read.1.tlog
d:\workspace\mynote\qtstudy\qtproject2\qtproject2\x64\debug\qtproject2.tlog\rc.write.1.tlog
d:\workspace\mynote\qtstudy\qtproject2\qtproject2\x64\debug\qtproject2.tlog\rcc.read.1u.tlog
d:\workspace\mynote\qtstudy\qtproject2\qtproject2\x64\debug\qtproject2.tlog\rcc.write.1u.tlog
d:\workspace\mynote\qtstudy\qtproject2\qtproject2\x64\debug\qtproject2.tlog\uic.read.1u.tlog
d:\workspace\mynote\qtstudy\qtproject2\qtproject2\x64\debug\qtproject2.tlog\uic.write.1u.tlog
