d:\workspace\qtstudy\timeobject定时器\timeobject定时器\x64\debug\vc142.pdb
d:\workspace\qtstudy\timeobject定时器\timeobject定时器\x64\debug\qrc_timeobject.obj
d:\workspace\qtstudy\timeobject定时器\timeobject定时器\x64\debug\timeobject.obj
d:\workspace\qtstudy\timeobject定时器\timeobject定时器\x64\debug\main.obj
d:\workspace\qtstudy\timeobject定时器\timeobject定时器\x64\debug\moc_timeobject.obj
d:\workspace\qtstudy\timeobject定时器\x64\debug\timeobject定时器.ilk
d:\workspace\qtstudy\timeobject定时器\x64\debug\timeobject定时器.exe
d:\workspace\qtstudy\timeobject定时器\x64\debug\timeobject定时器.pdb
d:\workspace\qtstudy\timeobject定时器\timeobject定时器\x64\debug\moc\moc_timeobject.cpp
d:\workspace\qtstudy\timeobject定时器\timeobject定时器\x64\debug\rcc\qrc_timeobject.cpp
d:\workspace\qtstudy\timeobject定时器\timeobject定时器\x64\debug\uic\ui_timeobject.h
d:\workspace\qtstudy\timeobject定时器\timeobject定时器\x64\debug\timeobject定时器.tlog\cl.command.1.tlog
d:\workspace\qtstudy\timeobject定时器\timeobject定时器\x64\debug\timeobject定时器.tlog\cl.read.1.tlog
d:\workspace\qtstudy\timeobject定时器\timeobject定时器\x64\debug\timeobject定时器.tlog\cl.write.1.tlog
d:\workspace\qtstudy\timeobject定时器\timeobject定时器\x64\debug\timeobject定时器.tlog\link.command.1.tlog
d:\workspace\qtstudy\timeobject定时器\timeobject定时器\x64\debug\timeobject定时器.tlog\link.read.1.tlog
d:\workspace\qtstudy\timeobject定时器\timeobject定时器\x64\debug\timeobject定时器.tlog\link.write.1.tlog
d:\workspace\qtstudy\timeobject定时器\timeobject定时器\x64\debug\timeobject定时器.tlog\moc.read.1u.tlog
d:\workspace\qtstudy\timeobject定时器\timeobject定时器\x64\debug\timeobject定时器.tlog\moc.write.1u.tlog
d:\workspace\qtstudy\timeobject定时器\timeobject定时器\x64\debug\timeobject定时器.tlog\rcc.read.1u.tlog
d:\workspace\qtstudy\timeobject定时器\timeobject定时器\x64\debug\timeobject定时器.tlog\rcc.write.1u.tlog
d:\workspace\qtstudy\timeobject定时器\timeobject定时器\x64\debug\timeobject定时器.tlog\timeobject定时器.write.1u.tlog
d:\workspace\qtstudy\timeobject定时器\timeobject定时器\x64\debug\timeobject定时器.tlog\uic.read.1u.tlog
d:\workspace\qtstudy\timeobject定时器\timeobject定时器\x64\debug\timeobject定时器.tlog\uic.write.1u.tlog
